<?xml version="1.0" encoding="UTF-8"?>
<testsuite name="RockPaperTest" tests="1" skipped="0" failures="0" errors="0" timestamp="2015-08-12T17:53:14" hostname="epicodus-114.local" time="0.001">
  <properties/>
  <testcase name="whoWins_ReturnsValueForKeyTHatEqualsPlayerTwoGuess_String" classname="RockPaperTest" time="0.001"/>
  <system-out><![CDATA[]]></system-out>
  <system-err><![CDATA[]]></system-err>
</testsuite>
