<?xml version="1.0" encoding="UTF-8"?>
<testsuite name="RockPaperTest" tests="4" skipped="0" failures="0" errors="0" timestamp="2015-08-12T22:34:03" hostname="epicodus-114.local" time="0.0">
  <properties/>
  <testcase name="whoWins_ReturnsValueForKeyThatEqualsPlayerTwoGuess_String_2" classname="RockPaperTest" time="0.0"/>
  <testcase name="whoWins_ReturnsValueForKeyThatEqualsPlayerTwoGuess_String_3" classname="RockPaperTest" time="0.0"/>
  <testcase name="whoWins_ChangesCaseToLowerCase_String" classname="RockPaperTest" time="0.0"/>
  <testcase name="whoWins_ReturnsValueForKeyThatEqualsPlayerTwoGuess_String" classname="RockPaperTest" time="0.0"/>
  <system-out><![CDATA[]]></system-out>
  <system-err><![CDATA[]]></system-err>
</testsuite>
